[2025-07-02T16:56:53.342+0000] {taskinstance.py:1087} INFO - Dependencies all met for <TaskInstance: retail_sales_pipeline.run_spark_job manual__2025-07-02T16:56:31.271177+00:00 [queued]>
[2025-07-02T16:56:53.373+0000] {taskinstance.py:1087} INFO - Dependencies all met for <TaskInstance: retail_sales_pipeline.run_spark_job manual__2025-07-02T16:56:31.271177+00:00 [queued]>
[2025-07-02T16:56:53.373+0000] {taskinstance.py:1283} INFO - 
--------------------------------------------------------------------------------
[2025-07-02T16:56:53.373+0000] {taskinstance.py:1284} INFO - Starting attempt 1 of 2
[2025-07-02T16:56:53.373+0000] {taskinstance.py:1285} INFO - 
--------------------------------------------------------------------------------
[2025-07-02T16:56:53.439+0000] {taskinstance.py:1304} INFO - Executing <Task(BashOperator): run_spark_job> on 2025-07-02 16:56:31.271177+00:00
[2025-07-02T16:56:53.522+0000] {standard_task_runner.py:55} INFO - Started process 209 to run task
[2025-07-02T16:56:53.534+0000] {standard_task_runner.py:82} INFO - Running: ['***', 'tasks', 'run', 'retail_sales_pipeline', 'run_spark_job', 'manual__2025-07-02T16:56:31.271177+00:00', '--job-id', '3', '--raw', '--subdir', 'DAGS_FOLDER/retail_sales_pipeline.py', '--cfg-path', '/tmp/tmpx7est1kq']
[2025-07-02T16:56:53.540+0000] {standard_task_runner.py:83} INFO - Job 3: Subtask run_spark_job
[2025-07-02T16:56:53.990+0000] {task_command.py:389} INFO - Running <TaskInstance: retail_sales_pipeline.run_spark_job manual__2025-07-02T16:56:31.271177+00:00 [running]> on host fa2be23e714a
[2025-07-02T16:56:54.982+0000] {taskinstance.py:1513} INFO - Exporting the following env vars:
AIRFLOW_CTX_DAG_OWNER=***
AIRFLOW_CTX_DAG_ID=retail_sales_pipeline
AIRFLOW_CTX_TASK_ID=run_spark_job
AIRFLOW_CTX_EXECUTION_DATE=2025-07-02T16:56:31.271177+00:00
AIRFLOW_CTX_TRY_NUMBER=1
AIRFLOW_CTX_DAG_RUN_ID=manual__2025-07-02T16:56:31.271177+00:00
[2025-07-02T16:56:54.992+0000] {subprocess.py:63} INFO - Tmp dir root location: 
 /tmp
[2025-07-02T16:56:55.003+0000] {subprocess.py:75} INFO - Running command: ['/bin/bash', '-c', '\n        docker exec spark-master /opt/bitnami/spark/bin/spark-submit   --conf spark.pyspark.python=/opt/bitnami/python/bin/python   --conf spark.pyspark.driver.python=/opt/bitnami/python/bin/python   --master spark://spark-master:7077   --jars /opt/bitnami/spark/jars/spark-sql-kafka-0-10_2.12-3.5.5.jar,/opt/bitnami/spark/jars/kafka-clients-3.5.1.jar,/opt/bitnami/spark/jars/kafka_2.12-3.5.1.jar,/opt/bitnami/spark/jars/commons-pool2-2.11.1.jar,/opt/bitnami/spark/jars/delta-spark_2.12-3.0.0.jar,/opt/bitnami/spark/jars/delta-storage-3.0.0.jar,/opt/bitnami/spark/jars/spark-token-provider-kafka-0-10_2.12-3.5.5.jar             /opt/***/scripts/transformation/process_sales.py\n        ']
[2025-07-02T16:56:55.078+0000] {subprocess.py:86} INFO - Output:
[2025-07-02T16:57:04.239+0000] {subprocess.py:93} INFO - 25/07/02 16:57:04 WARN NativeCodeLoader: Unable to load native-hadoop library for your platform... using builtin-java classes where applicable
[2025-07-02T16:57:07.705+0000] {subprocess.py:93} INFO - Traceback (most recent call last):
[2025-07-02T16:57:07.714+0000] {subprocess.py:93} INFO -   File "/opt/***/scripts/transformation/process_sales.py", line 4, in <module>
[2025-07-02T16:57:07.715+0000] {subprocess.py:93} INFO -     from delta.tables import DeltaTable
[2025-07-02T16:57:07.715+0000] {subprocess.py:93} INFO - ModuleNotFoundError: No module named 'delta'
[2025-07-02T16:57:07.827+0000] {subprocess.py:93} INFO - 25/07/02 16:57:07 INFO ShutdownHookManager: Shutdown hook called
[2025-07-02T16:57:07.837+0000] {subprocess.py:93} INFO - 25/07/02 16:57:07 INFO ShutdownHookManager: Deleting directory /tmp/spark-092a15c0-e90a-4f09-90fa-7197c5ed9c41
[2025-07-02T16:57:08.104+0000] {subprocess.py:97} INFO - Command exited with return code 1
[2025-07-02T16:57:08.315+0000] {taskinstance.py:1772} ERROR - Task failed with exception
Traceback (most recent call last):
  File "/home/airflow/.local/lib/python3.7/site-packages/airflow/operators/bash.py", line 197, in execute
    f"Bash command failed. The command returned a non-zero exit code {result.exit_code}."
airflow.exceptions.AirflowException: Bash command failed. The command returned a non-zero exit code 1.
[2025-07-02T16:57:08.348+0000] {taskinstance.py:1327} INFO - Marking task as UP_FOR_RETRY. dag_id=retail_sales_pipeline, task_id=run_spark_job, execution_date=20250702T165631, start_date=20250702T165653, end_date=20250702T165708
[2025-07-02T16:57:08.432+0000] {standard_task_runner.py:105} ERROR - Failed to execute job 3 for task run_spark_job (Bash command failed. The command returned a non-zero exit code 1.; 209)
[2025-07-02T16:57:08.517+0000] {local_task_job.py:159} INFO - Task exited with return code 1
[2025-07-02T16:57:08.682+0000] {taskinstance.py:2582} INFO - 0 downstream tasks scheduled from follow-on schedule check
