[2025-07-02T16:31:53.765+0000] {taskinstance.py:1087} INFO - Dependencies all met for <TaskInstance: retail_sales_pipeline.run_spark_job manual__2025-07-02T16:30:52.497671+00:00 [queued]>
[2025-07-02T16:31:53.803+0000] {taskinstance.py:1087} INFO - Dependencies all met for <TaskInstance: retail_sales_pipeline.run_spark_job manual__2025-07-02T16:30:52.497671+00:00 [queued]>
[2025-07-02T16:31:53.804+0000] {taskinstance.py:1283} INFO - 
--------------------------------------------------------------------------------
[2025-07-02T16:31:53.805+0000] {taskinstance.py:1284} INFO - Starting attempt 1 of 2
[2025-07-02T16:31:53.806+0000] {taskinstance.py:1285} INFO - 
--------------------------------------------------------------------------------
[2025-07-02T16:31:53.888+0000] {taskinstance.py:1304} INFO - Executing <Task(BashOperator): run_spark_job> on 2025-07-02 16:30:52.497671+00:00
[2025-07-02T16:31:53.940+0000] {standard_task_runner.py:55} INFO - Started process 1193 to run task
[2025-07-02T16:31:53.950+0000] {standard_task_runner.py:82} INFO - Running: ['***', 'tasks', 'run', 'retail_sales_pipeline', 'run_spark_job', 'manual__2025-07-02T16:30:52.497671+00:00', '--job-id', '20', '--raw', '--subdir', 'DAGS_FOLDER/retail_sales_pipeline.py', '--cfg-path', '/tmp/tmpxi9n9tx7']
[2025-07-02T16:31:53.958+0000] {standard_task_runner.py:83} INFO - Job 20: Subtask run_spark_job
[2025-07-02T16:31:54.865+0000] {task_command.py:389} INFO - Running <TaskInstance: retail_sales_pipeline.run_spark_job manual__2025-07-02T16:30:52.497671+00:00 [running]> on host febdae18cce2
[2025-07-02T16:31:55.383+0000] {taskinstance.py:1513} INFO - Exporting the following env vars:
AIRFLOW_CTX_DAG_OWNER=***
AIRFLOW_CTX_DAG_ID=retail_sales_pipeline
AIRFLOW_CTX_TASK_ID=run_spark_job
AIRFLOW_CTX_EXECUTION_DATE=2025-07-02T16:30:52.497671+00:00
AIRFLOW_CTX_TRY_NUMBER=1
AIRFLOW_CTX_DAG_RUN_ID=manual__2025-07-02T16:30:52.497671+00:00
[2025-07-02T16:31:55.386+0000] {subprocess.py:63} INFO - Tmp dir root location: 
 /tmp
[2025-07-02T16:31:55.388+0000] {subprocess.py:75} INFO - Running command: ['/bin/bash', '-c', '\n        docker exec spark-master /opt/bitnami/spark/bin/spark-submit             --master spark://spark-master:7077             --jars /opt/bitnami/spark/jars/spark-sql-kafka-0-10_2.12-3.5.5.jar,/opt/bitnami/spark/jars/kafka-clients-3.5.1.jar,/opt/bitnami/spark/jars/kafka_2.12-3.5.1.jar,/opt/bitnami/spark/jars/commons-pool2-2.11.1.jar,/opt/bitnami/spark/jars/delta-spark_2.12-3.0.0.jar,/opt/bitnami/spark/jars/delta-storage-3.0.0.jar,/opt/bitnami/spark/jars/spark-token-provider-kafka-0-10_2.12-3.5.5.jar             /opt/***/scripts/transformation/process_sales.py\n        ']
[2025-07-02T16:31:55.424+0000] {subprocess.py:86} INFO - Output:
[2025-07-02T16:32:05.796+0000] {subprocess.py:93} INFO - 25/07/02 16:32:05 WARN NativeCodeLoader: Unable to load native-hadoop library for your platform... using builtin-java classes where applicable
[2025-07-02T16:32:09.775+0000] {subprocess.py:93} INFO - Traceback (most recent call last):
[2025-07-02T16:32:09.786+0000] {subprocess.py:93} INFO -   File "/opt/***/scripts/transformation/process_sales.py", line 4, in <module>
[2025-07-02T16:32:09.786+0000] {subprocess.py:93} INFO -     from delta.tables import DeltaTable
[2025-07-02T16:32:09.789+0000] {subprocess.py:93} INFO - ModuleNotFoundError: No module named 'delta'
[2025-07-02T16:32:09.930+0000] {subprocess.py:93} INFO - 25/07/02 16:32:09 INFO ShutdownHookManager: Shutdown hook called
[2025-07-02T16:32:09.934+0000] {subprocess.py:93} INFO - 25/07/02 16:32:09 INFO ShutdownHookManager: Deleting directory /tmp/spark-7a5783a3-facd-4ec0-b177-b95ed7a8d370
[2025-07-02T16:32:10.247+0000] {subprocess.py:97} INFO - Command exited with return code 1
[2025-07-02T16:32:10.483+0000] {taskinstance.py:1772} ERROR - Task failed with exception
Traceback (most recent call last):
  File "/home/airflow/.local/lib/python3.7/site-packages/airflow/operators/bash.py", line 197, in execute
    f"Bash command failed. The command returned a non-zero exit code {result.exit_code}."
airflow.exceptions.AirflowException: Bash command failed. The command returned a non-zero exit code 1.
[2025-07-02T16:32:10.504+0000] {taskinstance.py:1327} INFO - Marking task as UP_FOR_RETRY. dag_id=retail_sales_pipeline, task_id=run_spark_job, execution_date=20250702T163052, start_date=20250702T163153, end_date=20250702T163210
[2025-07-02T16:32:10.633+0000] {standard_task_runner.py:105} ERROR - Failed to execute job 20 for task run_spark_job (Bash command failed. The command returned a non-zero exit code 1.; 1193)
[2025-07-02T16:32:10.887+0000] {local_task_job.py:159} INFO - Task exited with return code 1
[2025-07-02T16:32:11.094+0000] {taskinstance.py:2582} INFO - 0 downstream tasks scheduled from follow-on schedule check
