[2025-07-02T16:40:51.293+0000] {taskinstance.py:1087} INFO - Dependencies all met for <TaskInstance: retail_sales_pipeline.run_spark_job manual__2025-07-02T16:39:49.646427+00:00 [queued]>
[2025-07-02T16:40:51.360+0000] {taskinstance.py:1087} INFO - Dependencies all met for <TaskInstance: retail_sales_pipeline.run_spark_job manual__2025-07-02T16:39:49.646427+00:00 [queued]>
[2025-07-02T16:40:51.361+0000] {taskinstance.py:1283} INFO - 
--------------------------------------------------------------------------------
[2025-07-02T16:40:51.361+0000] {taskinstance.py:1284} INFO - Starting attempt 1 of 2
[2025-07-02T16:40:51.362+0000] {taskinstance.py:1285} INFO - 
--------------------------------------------------------------------------------
[2025-07-02T16:40:51.454+0000] {taskinstance.py:1304} INFO - Executing <Task(BashOperator): run_spark_job> on 2025-07-02 16:39:49.646427+00:00
[2025-07-02T16:40:51.565+0000] {standard_task_runner.py:55} INFO - Started process 1316 to run task
[2025-07-02T16:40:51.599+0000] {standard_task_runner.py:82} INFO - Running: ['***', 'tasks', 'run', 'retail_sales_pipeline', 'run_spark_job', 'manual__2025-07-02T16:39:49.646427+00:00', '--job-id', '23', '--raw', '--subdir', 'DAGS_FOLDER/retail_sales_pipeline.py', '--cfg-path', '/tmp/tmpt1fdyijp']
[2025-07-02T16:40:51.616+0000] {standard_task_runner.py:83} INFO - Job 23: Subtask run_spark_job
[2025-07-02T16:40:52.143+0000] {task_command.py:389} INFO - Running <TaskInstance: retail_sales_pipeline.run_spark_job manual__2025-07-02T16:39:49.646427+00:00 [running]> on host febdae18cce2
[2025-07-02T16:40:52.696+0000] {taskinstance.py:1513} INFO - Exporting the following env vars:
AIRFLOW_CTX_DAG_OWNER=***
AIRFLOW_CTX_DAG_ID=retail_sales_pipeline
AIRFLOW_CTX_TASK_ID=run_spark_job
AIRFLOW_CTX_EXECUTION_DATE=2025-07-02T16:39:49.646427+00:00
AIRFLOW_CTX_TRY_NUMBER=1
AIRFLOW_CTX_DAG_RUN_ID=manual__2025-07-02T16:39:49.646427+00:00
[2025-07-02T16:40:52.699+0000] {subprocess.py:63} INFO - Tmp dir root location: 
 /tmp
[2025-07-02T16:40:52.702+0000] {subprocess.py:75} INFO - Running command: ['/bin/bash', '-c', '\n        docker exec spark-master /opt/bitnami/spark/bin/spark-submit             --master spark://spark-master:7077             --jars /opt/bitnami/spark/jars/spark-sql-kafka-0-10_2.12-3.5.5.jar,/opt/bitnami/spark/jars/kafka-clients-3.5.1.jar,/opt/bitnami/spark/jars/kafka_2.12-3.5.1.jar,/opt/bitnami/spark/jars/commons-pool2-2.11.1.jar,/opt/bitnami/spark/jars/delta-spark_2.12-3.0.0.jar,/opt/bitnami/spark/jars/delta-storage-3.0.0.jar,/opt/bitnami/spark/jars/spark-token-provider-kafka-0-10_2.12-3.5.5.jar             /opt/***/scripts/transformation/process_sales.py\n        ']
[2025-07-02T16:40:52.746+0000] {subprocess.py:86} INFO - Output:
[2025-07-02T16:41:03.020+0000] {subprocess.py:93} INFO - 25/07/02 16:41:02 WARN NativeCodeLoader: Unable to load native-hadoop library for your platform... using builtin-java classes where applicable
[2025-07-02T16:41:05.914+0000] {subprocess.py:93} INFO - Traceback (most recent call last):
[2025-07-02T16:41:05.925+0000] {subprocess.py:93} INFO -   File "/opt/***/scripts/transformation/process_sales.py", line 4, in <module>
[2025-07-02T16:41:05.928+0000] {subprocess.py:93} INFO -     from delta.tables import DeltaTable
[2025-07-02T16:41:05.929+0000] {subprocess.py:93} INFO - ModuleNotFoundError: No module named 'delta'
[2025-07-02T16:41:06.110+0000] {subprocess.py:93} INFO - 25/07/02 16:41:06 INFO ShutdownHookManager: Shutdown hook called
[2025-07-02T16:41:06.116+0000] {subprocess.py:93} INFO - 25/07/02 16:41:06 INFO ShutdownHookManager: Deleting directory /tmp/spark-751da1bf-3d42-4c44-b9e2-f4f94c46ed5c
[2025-07-02T16:41:06.440+0000] {subprocess.py:97} INFO - Command exited with return code 1
[2025-07-02T16:41:06.636+0000] {taskinstance.py:1772} ERROR - Task failed with exception
Traceback (most recent call last):
  File "/home/airflow/.local/lib/python3.7/site-packages/airflow/operators/bash.py", line 197, in execute
    f"Bash command failed. The command returned a non-zero exit code {result.exit_code}."
airflow.exceptions.AirflowException: Bash command failed. The command returned a non-zero exit code 1.
[2025-07-02T16:41:06.671+0000] {taskinstance.py:1327} INFO - Marking task as UP_FOR_RETRY. dag_id=retail_sales_pipeline, task_id=run_spark_job, execution_date=20250702T163949, start_date=20250702T164051, end_date=20250702T164106
[2025-07-02T16:41:06.848+0000] {standard_task_runner.py:105} ERROR - Failed to execute job 23 for task run_spark_job (Bash command failed. The command returned a non-zero exit code 1.; 1316)
[2025-07-02T16:41:06.914+0000] {local_task_job.py:159} INFO - Task exited with return code 1
[2025-07-02T16:41:07.205+0000] {taskinstance.py:2582} INFO - 0 downstream tasks scheduled from follow-on schedule check
